<?xml version="1.0" encoding="UTF-8"?>
<testsuite xmlns:xsi="http://www.w3.org/2001/XMLSchema-instance" xsi:noNamespaceSchemaLocation="https://maven.apache.org/surefire/maven-surefire-plugin/xsd/surefire-test-report.xsd" name="group10.CloneTest" time="4.517" tests="2" errors="0" skipped="0" failures="0">
  <properties>
    <property name="java.specification.version" value="13"/>
    <property name="sun.cpu.isalist" value="amd64"/>
    <property name="sun.jnu.encoding" value="Cp1252"/>
    <property name="java.class.path" value="C:\Users\olivi\OneDrive\Desktop\DD2480_A2_CI_Group10\ci\target\test-classes;C:\Users\olivi\OneDrive\Desktop\DD2480_A2_CI_Group10\ci\target\classes;C:\Users\olivi\.m2\repository\junit\junit\4.11\junit-4.11.jar;C:\Users\olivi\.m2\repository\org\hamcrest\hamcrest-core\1.3\hamcrest-core-1.3.jar;C:\Users\olivi\.m2\repository\com\sparkjava\spark-core\2.8.0\spark-core-2.8.0.jar;C:\Users\olivi\.m2\repository\org\slf4j\slf4j-api\1.7.25\slf4j-api-1.7.25.jar;C:\Users\olivi\.m2\repository\org\eclipse\jetty\jetty-server\9.4.12.v20180830\jetty-server-9.4.12.v20180830.jar;C:\Users\olivi\.m2\repository\javax\servlet\javax.servlet-api\3.1.0\javax.servlet-api-3.1.0.jar;C:\Users\olivi\.m2\repository\org\eclipse\jetty\jetty-http\9.4.12.v20180830\jetty-http-9.4.12.v20180830.jar;C:\Users\olivi\.m2\repository\org\eclipse\jetty\jetty-util\9.4.12.v20180830\jetty-util-9.4.12.v20180830.jar;C:\Users\olivi\.m2\repository\org\eclipse\jetty\jetty-io\9.4.12.v20180830\jetty-io-9.4.12.v20180830.jar;C:\Users\olivi\.m2\repository\org\eclipse\jetty\jetty-webapp\9.4.12.v20180830\jetty-webapp-9.4.12.v20180830.jar;C:\Users\olivi\.m2\repository\org\eclipse\jetty\jetty-xml\9.4.12.v20180830\jetty-xml-9.4.12.v20180830.jar;C:\Users\olivi\.m2\repository\org\eclipse\jetty\jetty-servlet\9.4.12.v20180830\jetty-servlet-9.4.12.v20180830.jar;C:\Users\olivi\.m2\repository\org\eclipse\jetty\jetty-security\9.4.12.v20180830\jetty-security-9.4.12.v20180830.jar;C:\Users\olivi\.m2\repository\org\eclipse\jetty\websocket\websocket-server\9.4.12.v20180830\websocket-server-9.4.12.v20180830.jar;C:\Users\olivi\.m2\repository\org\eclipse\jetty\websocket\websocket-common\9.4.12.v20180830\websocket-common-9.4.12.v20180830.jar;C:\Users\olivi\.m2\repository\org\eclipse\jetty\websocket\websocket-client\9.4.12.v20180830\websocket-client-9.4.12.v20180830.jar;C:\Users\olivi\.m2\repository\org\eclipse\jetty\jetty-client\9.4.12.v20180830\jetty-client-9.4.12.v20180830.jar;C:\Users\olivi\.m2\repository\org\eclipse\jetty\websocket\websocket-servlet\9.4.12.v20180830\websocket-servlet-9.4.12.v20180830.jar;C:\Users\olivi\.m2\repository\org\eclipse\jetty\websocket\websocket-api\9.4.12.v20180830\websocket-api-9.4.12.v20180830.jar;C:\Users\olivi\.m2\repository\org\slf4j\slf4j-simple\1.7.25\slf4j-simple-1.7.25.jar;C:\Users\olivi\.m2\repository\org\eclipse\jgit\org.eclipse.jgit\5.4.2.201908231537-r\org.eclipse.jgit-5.4.2.201908231537-r.jar;C:\Users\olivi\.m2\repository\com\jcraft\jsch\0.1.55\jsch-0.1.55.jar;C:\Users\olivi\.m2\repository\com\jcraft\jzlib\1.1.1\jzlib-1.1.1.jar;C:\Users\olivi\.m2\repository\com\googlecode\javaewah\JavaEWAH\1.1.6\JavaEWAH-1.1.6.jar;C:\Users\olivi\.m2\repository\org\bouncycastle\bcpg-jdk15on\1.61\bcpg-jdk15on-1.61.jar;C:\Users\olivi\.m2\repository\org\bouncycastle\bcprov-jdk15on\1.61\bcprov-jdk15on-1.61.jar;C:\Users\olivi\.m2\repository\org\bouncycastle\bcpkix-jdk15on\1.61\bcpkix-jdk15on-1.61.jar;C:\Users\olivi\.m2\repository\org\apache\directory\studio\org.apache.commons.io\2.4\org.apache.commons.io-2.4.jar;C:\Users\olivi\.m2\repository\commons-io\commons-io\2.4\commons-io-2.4.jar;"/>
    <property name="java.vm.vendor" value="Oracle Corporation"/>
    <property name="sun.arch.data.model" value="64"/>
    <property name="user.variant" value=""/>
    <property name="java.vendor.url" value="https://java.oracle.com/"/>
    <property name="user.timezone" value="Europe/Stockholm"/>
    <property name="os.name" value="Windows 10"/>
    <property name="java.vm.specification.version" value="13"/>
    <property name="sun.java.launcher" value="SUN_STANDARD"/>
    <property name="user.country" value="US"/>
    <property name="sun.boot.library.path" value="C:\Program Files\Java\jdk-13.0.2\bin"/>
    <property name="sun.java.command" value="C:\Users\olivi\AppData\Local\Temp\surefire12803946856714981866\surefirebooter2132941976443457056.jar C:\Users\olivi\AppData\Local\Temp\surefire12803946856714981866 2020-02-03T13-15-36_581-jvmRun1 surefire3733262620258426044tmp surefire_08609502172912096960tmp"/>
    <property name="jdk.debug" value="release"/>
    <property name="surefire.test.class.path" value="C:\Users\olivi\OneDrive\Desktop\DD2480_A2_CI_Group10\ci\target\test-classes;C:\Users\olivi\OneDrive\Desktop\DD2480_A2_CI_Group10\ci\target\classes;C:\Users\olivi\.m2\repository\junit\junit\4.11\junit-4.11.jar;C:\Users\olivi\.m2\repository\org\hamcrest\hamcrest-core\1.3\hamcrest-core-1.3.jar;C:\Users\olivi\.m2\repository\com\sparkjava\spark-core\2.8.0\spark-core-2.8.0.jar;C:\Users\olivi\.m2\repository\org\slf4j\slf4j-api\1.7.25\slf4j-api-1.7.25.jar;C:\Users\olivi\.m2\repository\org\eclipse\jetty\jetty-server\9.4.12.v20180830\jetty-server-9.4.12.v20180830.jar;C:\Users\olivi\.m2\repository\javax\servlet\javax.servlet-api\3.1.0\javax.servlet-api-3.1.0.jar;C:\Users\olivi\.m2\repository\org\eclipse\jetty\jetty-http\9.4.12.v20180830\jetty-http-9.4.12.v20180830.jar;C:\Users\olivi\.m2\repository\org\eclipse\jetty\jetty-util\9.4.12.v20180830\jetty-util-9.4.12.v20180830.jar;C:\Users\olivi\.m2\repository\org\eclipse\jetty\jetty-io\9.4.12.v20180830\jetty-io-9.4.12.v20180830.jar;C:\Users\olivi\.m2\repository\org\eclipse\jetty\jetty-webapp\9.4.12.v20180830\jetty-webapp-9.4.12.v20180830.jar;C:\Users\olivi\.m2\repository\org\eclipse\jetty\jetty-xml\9.4.12.v20180830\jetty-xml-9.4.12.v20180830.jar;C:\Users\olivi\.m2\repository\org\eclipse\jetty\jetty-servlet\9.4.12.v20180830\jetty-servlet-9.4.12.v20180830.jar;C:\Users\olivi\.m2\repository\org\eclipse\jetty\jetty-security\9.4.12.v20180830\jetty-security-9.4.12.v20180830.jar;C:\Users\olivi\.m2\repository\org\eclipse\jetty\websocket\websocket-server\9.4.12.v20180830\websocket-server-9.4.12.v20180830.jar;C:\Users\olivi\.m2\repository\org\eclipse\jetty\websocket\websocket-common\9.4.12.v20180830\websocket-common-9.4.12.v20180830.jar;C:\Users\olivi\.m2\repository\org\eclipse\jetty\websocket\websocket-client\9.4.12.v20180830\websocket-client-9.4.12.v20180830.jar;C:\Users\olivi\.m2\repository\org\eclipse\jetty\jetty-client\9.4.12.v20180830\jetty-client-9.4.12.v20180830.jar;C:\Users\olivi\.m2\repository\org\eclipse\jetty\websocket\websocket-servlet\9.4.12.v20180830\websocket-servlet-9.4.12.v20180830.jar;C:\Users\olivi\.m2\repository\org\eclipse\jetty\websocket\websocket-api\9.4.12.v20180830\websocket-api-9.4.12.v20180830.jar;C:\Users\olivi\.m2\repository\org\slf4j\slf4j-simple\1.7.25\slf4j-simple-1.7.25.jar;C:\Users\olivi\.m2\repository\org\eclipse\jgit\org.eclipse.jgit\5.4.2.201908231537-r\org.eclipse.jgit-5.4.2.201908231537-r.jar;C:\Users\olivi\.m2\repository\com\jcraft\jsch\0.1.55\jsch-0.1.55.jar;C:\Users\olivi\.m2\repository\com\jcraft\jzlib\1.1.1\jzlib-1.1.1.jar;C:\Users\olivi\.m2\repository\com\googlecode\javaewah\JavaEWAH\1.1.6\JavaEWAH-1.1.6.jar;C:\Users\olivi\.m2\repository\org\bouncycastle\bcpg-jdk15on\1.61\bcpg-jdk15on-1.61.jar;C:\Users\olivi\.m2\repository\org\bouncycastle\bcprov-jdk15on\1.61\bcprov-jdk15on-1.61.jar;C:\Users\olivi\.m2\repository\org\bouncycastle\bcpkix-jdk15on\1.61\bcpkix-jdk15on-1.61.jar;C:\Users\olivi\.m2\repository\org\apache\directory\studio\org.apache.commons.io\2.4\org.apache.commons.io-2.4.jar;C:\Users\olivi\.m2\repository\commons-io\commons-io\2.4\commons-io-2.4.jar;"/>
    <property name="sun.cpu.endian" value="little"/>
    <property name="user.home" value="C:\Users\olivi"/>
    <property name="user.language" value="en"/>
    <property name="java.specification.vendor" value="Oracle Corporation"/>
    <property name="java.version.date" value="2020-01-14"/>
    <property name="java.home" value="C:\Program Files\Java\jdk-13.0.2"/>
    <property name="file.separator" value="\"/>
    <property name="basedir" value="C:\Users\olivi\OneDrive\Desktop\DD2480_A2_CI_Group10\ci"/>
    <property name="java.vm.compressedOopsMode" value="Zero based"/>
    <property name="line.separator" value="&#10;"/>
    <property name="java.vm.specification.vendor" value="Oracle Corporation"/>
    <property name="java.specification.name" value="Java Platform API Specification"/>
    <property name="surefire.real.class.path" value="C:\Users\olivi\AppData\Local\Temp\surefire12803946856714981866\surefirebooter2132941976443457056.jar"/>
    <property name="user.script" value=""/>
    <property name="sun.management.compiler" value="HotSpot 64-Bit Tiered Compilers"/>
    <property name="java.runtime.version" value="13.0.2+8"/>
    <property name="user.name" value="olivi"/>
    <property name="path.separator" value=";"/>
    <property name="os.version" value="10.0"/>
    <property name="java.runtime.name" value="Java(TM) SE Runtime Environment"/>
    <property name="file.encoding" value="Cp1252"/>
    <property name="java.vm.name" value="Java HotSpot(TM) 64-Bit Server VM"/>
    <property name="localRepository" value="C:\Users\olivi\.m2\repository"/>
    <property name="java.vendor.url.bug" value="https://bugreport.java.com/bugreport/"/>
    <property name="java.io.tmpdir" value="C:\Users\olivi\AppData\Local\Temp\"/>
    <property name="java.version" value="13.0.2"/>
    <property name="user.dir" value="C:\Users\olivi\OneDrive\Desktop\DD2480_A2_CI_Group10\ci"/>
    <property name="os.arch" value="amd64"/>
    <property name="java.vm.specification.name" value="Java Virtual Machine Specification"/>
    <property name="sun.os.patch.level" value=""/>
    <property name="java.library.path" value="C:\Program Files\Java\jdk-13.0.2\bin;C:\WINDOWS\Sun\Java\bin;C:\WINDOWS\system32;C:\WINDOWS;C:\WINDOWS\system32;C:\WINDOWS;C:\WINDOWS\System32\Wbem;C:\WINDOWS\System32\WindowsPowerShell\v1.0\;C:\Program Files\Intel\WiFi\bin\;C:\Program Files\Common Files\Intel\WirelessCommon\;C:\WINDOWS\System32\OpenSSH\;C:\Program Files\Git\cmd;C:\Users\olivi\AppData\Local\Microsoft\WindowsApps;C:\Users\olivi\AppData\Local\Programs\Microsoft VS Code\bin;C:\Program Files\Java\jdk-13.0.2\bin;C:\Program Files\apache-maven-3.6.3\bin;;."/>
    <property name="java.vm.info" value="mixed mode, sharing"/>
    <property name="java.vendor" value="Oracle Corporation"/>
    <property name="java.vm.version" value="13.0.2+8"/>
    <property name="sun.io.unicode.encoding" value="UnicodeLittle"/>
    <property name="java.class.version" value="57.0"/>
  </properties>
  <testcase name="cloneTest" classname="group10.CloneTest" time="3.034"/>
  <testcase name="branchNotExistTest" classname="group10.CloneTest" time="1.453"/>
</testsuite>